::1 - - [22/Apr/2019:00:54:29 +0700] "GET /schedule/get HTTP/1.1" 401 124
::1 - - [22/Apr/2019:00:55:11 +0700] "GET /schedule/get HTTP/1.1" 500 134
::1 - - [22/Apr/2019:00:55:21 +0700] "GET /schedule/get HTTP/1.1" 500 134
::1 - - [22/Apr/2019:00:55:57 +0700] "GET /schedule/get HTTP/1.1" 500 134
::1 - - [22/Apr/2019:00:57:16 +0700] "GET /schedule/get HTTP/1.1" 500 134
::1 - - [22/Apr/2019:00:58:16 +0700] "GET /schedule/get HTTP/1.1" 500 134
::1 - - [22/Apr/2019:01:00:07 +0700] "GET /schedule/get HTTP/1.1" 500 134
::1 - - [22/Apr/2019:01:00:53 +0700] "GET /schedule/get HTTP/1.1" 500 134
::1 - - [22/Apr/2019:01:03:42 +0700] "GET /schedule/get HTTP/1.1" 200 3347
::1 - - [22/Apr/2019:01:05:36 +0700] "GET /schedule/get HTTP/1.1" 200 3347
::1 - - [22/Apr/2019:01:05:57 +0700] "GET /schedule/get?day=22-4-2019 HTTP/1.1" 200 3347
::1 - - [22/Apr/2019:01:06:58 +0700] "GET /schedule/get?gteday=23-4-2019 HTTP/1.1" 200 3347
::1 - - [22/Apr/2019:01:07:13 +0700] "GET /schedule/get?day=23-4-2019 HTTP/1.1" 200 3347
::1 - - [22/Apr/2019:01:07:17 +0700] "GET /schedule/get?day=23-04-2019 HTTP/1.1" 200 1239
::1 - - [22/Apr/2019:01:07:34 +0700] "GET /schedule/get?day=22-04-2019 HTTP/1.1" 200 1295
::1 - - [22/Apr/2019:01:07:37 +0700] "GET /schedule/get?day=24-04-2019 HTTP/1.1" 200 851
::1 - - [22/Apr/2019:01:07:40 +0700] "GET /schedule/get?day=25-04-2019 HTTP/1.1" 200 22
::1 - - [22/Apr/2019:01:07:53 +0700] "GET /schedule/get?gteday=23-04-2019 HTTP/1.1" 200 2071
::1 - - [22/Apr/2019:01:08:16 +0700] "GET /schedule/get?day=22-04-2019&idshift=1 HTTP/1.1" 200 408
::1 - - [22/Apr/2019:01:08:28 +0700] "GET /schedule/get?day=22-04-2019&idshift=1&idbranch=1 HTTP/1.1" 200 408
